# JRE version: OpenJDK Runtime Environment (24.0.1+9) (build 24.0.1+9-30)
# Java VM: OpenJDK 64-Bit Server VM (24.0.1+9-30, mixed mode, sharing, tiered, compressed oops, compressed class ptrs, g1 gc, windows-amd64)
GC Precious Log:
 CardTable entry size: 512
 Card Set container configuration: InlinePtr #cards 4 size 8 Array Of Cards #cards 16 size 48 Howl #buckets 8 coarsen threshold 3686 Howl Bitmap #cards 512 size 80 coarsen threshold 460 Card regions per heap region 1 cards per card region 4096
 CPUs: 12 total, 12 available
 Memory: 16176M
 Large Page Support: Disabled
 NUMA Support: Disabled
 Compressed Oops: Enabled (Zero based)
 Heap Region Size: 2M
 Heap Min Capacity: 8M
 Heap Initial Capacity: 254M
 Heap Max Capacity: 4046M
 Pre-touch: Disabled
 Parallel Workers: 10
 Concurrent Workers: 3
 Concurrent Refinement Workers: 10
 Periodic GC: Disabled
Heap:
 garbage-first heap   total reserved 4143104K, committed 440320K, used 133843K [0x0000000703200000, 0x0000000800000000)
  region size 2048K, 51 young (104448K), 1 survivors (2048K)
 Metaspace       used 8451K, committed 8704K, reserved 1114112K
  class space    used 752K, committed 896K, reserved 1048576K
GC Heap History (20 events):
Event: 117.254 GC heap before
{Heap before GC invocations=429 (full 0):
 garbage-first heap   total reserved 4143104K, committed 440320K, used 296591K [0x0000000703200000, 0x0000000800000000)
  region size 2048K, 129 young (264192K), 0 survivors (0K)
 Metaspace       used 7072K, committed 7360K, reserved 1114112K
  class space    used 608K, committed 768K, reserved 1048576K
}
Event: 117.255 GC heap after
{Heap after GC invocations=430 (full 0):
 garbage-first heap   total reserved 4143104K, committed 440320K, used 32399K [0x0000000703200000, 0x0000000800000000)
  region size 2048K, 0 young (0K), 0 survivors (0K)
 Metaspace       used 7072K, committed 7360K, reserved 1114112K
  class space    used 608K, committed 768K, reserved 1048576K
}
Event: 117.814 GC heap before
{Heap before GC invocations=430 (full 0):
 garbage-first heap   total reserved 4143104K, committed 440320K, used 296591K [0x0000000703200000, 0x0000000800000000)
  region size 2048K, 129 young (264192K), 0 survivors (0K)
 Metaspace       used 7072K, committed 7360K, reserved 1114112K
  class space    used 608K, committed 768K, reserved 1048576K
}
Event: 117.814 GC heap after
{Heap after GC invocations=431 (full 0):
 garbage-first heap   total reserved 4143104K, committed 440320K, used 32399K [0x0000000703200000, 0x0000000800000000)
  region size 2048K, 0 young (0K), 0 survivors (0K)
 Metaspace       used 7072K, committed 7360K, reserved 1114112K
  class space    used 608K, committed 768K, reserved 1048576K
}
Event: 118.335 GC heap before
{Heap before GC invocations=431 (full 0):
 garbage-first heap   total reserved 4143104K, committed 440320K, used 296591K [0x0000000703200000, 0x0000000800000000)
  region size 2048K, 129 young (264192K), 0 survivors (0K)
 Metaspace       used 7080K, committed 7360K, reserved 1114112K
  class space    used 608K, committed 768K, reserved 1048576K
}
Event: 118.336 GC heap after
{Heap after GC invocations=432 (full 0):
 garbage-first heap   total reserved 4143104K, committed 440320K, used 32417K [0x0000000703200000, 0x0000000800000000)
  region size 2048K, 1 young (2048K), 1 survivors (2048K)
 Metaspace       used 7080K, committed 7360K, reserved 1114112K
  class space    used 608K, committed 768K, reserved 1048576K
}
Event: 118.779 GC heap before
{Heap before GC invocations=432 (full 0):
 garbage-first heap   total reserved 4143104K, committed 440320K, used 294561K [0x0000000703200000, 0x0000000800000000)
  region size 2048K, 129 young (264192K), 1 survivors (2048K)
 Metaspace       used 7080K, committed 7360K, reserved 1114112K
  class space    used 608K, committed 768K, reserved 1048576K
}
Event: 118.780 GC heap after
{Heap after GC invocations=433 (full 0):
 garbage-first heap   total reserved 4143104K, committed 440320K, used 32417K [0x0000000703200000, 0x0000000800000000)
  region size 2048K, 1 young (2048K), 1 survivors (2048K)
 Metaspace       used 7080K, committed 7360K, reserved 1114112K
  class space    used 608K, committed 768K, reserved 1048576K
}
Event: 119.133 GC heap before
{Heap before GC invocations=433 (full 0):
 garbage-first heap   total reserved 4143104K, committed 440320K, used 294561K [0x0000000703200000, 0x0000000800000000)
  region size 2048K, 129 young (264192K), 1 survivors (2048K)
 Metaspace       used 7080K, committed 7360K, reserved 1114112K
  class space    used 608K, committed 768K, reserved 1048576K
}
Event: 119.134 GC heap after
{Heap after GC invocations=434 (full 0):
 garbage-first heap   total reserved 4143104K, committed 440320K, used 32419K [0x0000000703200000, 0x0000000800000000)
  region size 2048K, 1 young (2048K), 1 survivors (2048K)
 Metaspace       used 7080K, committed 7360K, reserved 1114112K
  class space    used 608K, committed 768K, reserved 1048576K
}
Event: 119.535 GC heap before
{Heap before GC invocations=434 (full 0):
 garbage-first heap   total reserved 4143104K, committed 440320K, used 294563K [0x0000000703200000, 0x0000000800000000)
  region size 2048K, 129 young (264192K), 1 survivors (2048K)
 Metaspace       used 7080K, committed 7360K, reserved 1114112K
  class space    used 608K, committed 768K, reserved 1048576K
}
Event: 119.535 GC heap after
{Heap after GC invocations=435 (full 0):
 garbage-first heap   total reserved 4143104K, committed 440320K, used 32417K [0x0000000703200000, 0x0000000800000000)
  region size 2048K, 1 young (2048K), 1 survivors (2048K)
 Metaspace       used 7080K, committed 7360K, reserved 1114112K
  class space    used 608K, committed 768K, reserved 1048576K
}
Event: 119.996 GC heap before
{Heap before GC invocations=435 (full 0):
 garbage-first heap   total reserved 4143104K, committed 440320K, used 294561K [0x0000000703200000, 0x0000000800000000)
  region size 2048K, 129 young (264192K), 1 survivors (2048K)
 Metaspace       used 7080K, committed 7360K, reserved 1114112K
  class space    used 608K, committed 768K, reserved 1048576K
}
Event: 119.997 GC heap after
{Heap after GC invocations=436 (full 0):
 garbage-first heap   total reserved 4143104K, committed 440320K, used 32419K [0x0000000703200000, 0x0000000800000000)
  region size 2048K, 1 young (2048K), 1 survivors (2048K)
 Metaspace       used 7080K, committed 7360K, reserved 1114112K
  class space    used 608K, committed 768K, reserved 1048576K
}
Event: 120.411 GC heap before
{Heap before GC invocations=436 (full 0):
 garbage-first heap   total reserved 4143104K, committed 440320K, used 294563K [0x0000000703200000, 0x0000000800000000)
  region size 2048K, 129 young (264192K), 1 survivors (2048K)
 Metaspace       used 7080K, committed 7360K, reserved 1114112K
  class space    used 608K, committed 768K, reserved 1048576K
}
Event: 120.411 GC heap after
{Heap after GC invocations=437 (full 0):
 garbage-first heap   total reserved 4143104K, committed 440320K, used 32415K [0x0000000703200000, 0x0000000800000000)
  region size 2048K, 1 young (2048K), 1 survivors (2048K)
 Metaspace       used 7080K, committed 7360K, reserved 1114112K
  class space    used 608K, committed 768K, reserved 1048576K
}
Event: 120.843 GC heap before
{Heap before GC invocations=437 (full 0):
 garbage-first heap   total reserved 4143104K, committed 440320K, used 294559K [0x0000000703200000, 0x0000000800000000)
  region size 2048K, 129 young (264192K), 1 survivors (2048K)
 Metaspace       used 7080K, committed 7360K, reserved 1114112K
  class space    used 608K, committed 768K, reserved 1048576K
}
Event: 120.844 GC heap after
{Heap after GC invocations=438 (full 0):
 garbage-first heap   total reserved 4143104K, committed 440320K, used 32419K [0x0000000703200000, 0x0000000800000000)
  region size 2048K, 1 young (2048K), 1 survivors (2048K)
 Metaspace       used 7080K, committed 7360K, reserved 1114112K
  class space    used 608K, committed 768K, reserved 1048576K
}
Event: 121.229 GC heap before
{Heap before GC invocations=438 (full 0):
 garbage-first heap   total reserved 4143104K, committed 440320K, used 294563K [0x0000000703200000, 0x0000000800000000)
  region size 2048K, 129 young (264192K), 1 survivors (2048K)
 Metaspace       used 8286K, committed 8576K, reserved 1114112K
  class space    used 736K, committed 896K, reserved 1048576K
}
Event: 121.230 GC heap after
{Heap after GC invocations=439 (full 0):
 garbage-first heap   total reserved 4143104K, committed 440320K, used 33491K [0x0000000703200000, 0x0000000800000000)
  region size 2048K, 1 young (2048K), 1 survivors (2048K)
 Metaspace       used 8286K, committed 8576K, reserved 1114112K
  class space    used 736K, committed 896K, reserved 1048576K
}

